app/build/outputs/logs/manifest-merger-debug-report.txt
-- Merging decision tree log ---
manifest
ADDED from src\main\AndroidManifest.xml:2:1-88:12
	package
		ADDED from src\main\AndroidManifest.xml:3:5-41
		INJECTED from src\main\AndroidManifest.xml
		INJECTED from src\main\AndroidManifest.xml
	android:versionName
		ADDED from src\main\AndroidManifest.xml:6:5-32
	android:versionCode
		ADDED from src\main\AndroidManifest.xml:5:5-29
		INJECTED from src\main\AndroidManifest.xml
		INJECTED from src\main\AndroidManifest.xml
	xmlns:android
		ADDED from src\main\AndroidManifest.xml:2:11-69
	android:installLocation
		ADDED from src\main\AndroidManifest.xml:4:5-35
uses-sdk
ADDED from src\main\AndroidManifest.xml:8:5-10:41
	android:targetSdkVersion
		ADDED from src\main\AndroidManifest.xml:10:9-38
		INJECTED from src\main\AndroidManifest.xml
		INJECTED from src\main\AndroidManifest.xml
	android:minSdkVersion
		ADDED from src\main\AndroidManifest.xml:9:9-35
		INJECTED from src\main\AndroidManifest.xml
		INJECTED from src\main\AndroidManifest.xml
uses-permission#android.permission.INTERNET
ADDED from src\main\AndroidManifest.xml:12:5-67
	android:name
		ADDED from src\main\AndroidManifest.xml:12:22-64
supports-screens
ADDED from src\main\AndroidManifest.xml:14:5-20:40
	android:largeScreens
		ADDED from src\main\AndroidManifest.xml:16:9-36
	android:smallScreens
		ADDED from src\main\AndroidManifest.xml:19:9-36
	android:normalScreens
		ADDED from src\main\AndroidManifest.xml:17:9-37
	android:xlargeScreens
		ADDED from src\main\AndroidManifest.xml:20:9-37
	android:resizeable
		ADDED from src\main\AndroidManifest.xml:18:9-34
	android:anyDensity
		ADDED from src\main\AndroidManifest.xml:15:9-34
application
ADDED from src\main\AndroidManifest.xml:21:5-87:19
	android:label
		ADDED from src\main\AndroidManifest.xml:26:9-41
	android:supportsRtl
		ADDED from src\main\AndroidManifest.xml:28:9-35
	android:allowClearUserData
		ADDED from src\main\AndroidManifest.xml:24:9-42
	android:allowBackup
		ADDED from src\main\AndroidManifest.xml:23:9-35
	android:icon
		ADDED from src\main\AndroidManifest.xml:25:9-45
	android:description
		ADDED from src\main\AndroidManifest.xml:29:57-102
	android:theme
		ADDED from src\main\AndroidManifest.xml:29:9-56
	android:logo
		ADDED from src\main\AndroidManifest.xml:27:9-45
	android:name
		ADDED from src\main\AndroidManifest.xml:22:9-59
activity#com.madibasoft.envisadroid.EnvisadroidActivity
ADDED from src\main\AndroidManifest.xml:30:9-37:20
	android:label
		ADDED from src\main\AndroidManifest.xml:32:13-45
	android:name
		ADDED from src\main\AndroidManifest.xml:31:13-74
intent-filter#android.intent.action.MAIN+android.intent.category.LAUNCHER
ADDED from src\main\AndroidManifest.xml:33:13-36:29
action#android.intent.action.MAIN
ADDED from src\main\AndroidManifest.xml:34:17-69
	android:name
		ADDED from src\main\AndroidManifest.xml:34:25-66
category#android.intent.category.LAUNCHER
ADDED from src\main\AndroidManifest.xml:35:17-77
	android:name
		ADDED from src\main\AndroidManifest.xml:35:27-74
activity#com.madibasoft.envisadroid.SettingsActivity
ADDED from src\main\AndroidManifest.xml:38:9-45:20
	android:label
		ADDED from src\main\AndroidManifest.xml:40:13-60
	android:parentActivityName
		ADDED from src\main\AndroidManifest.xml:41:13-88
	android:name
		ADDED from src\main\AndroidManifest.xml:39:13-71
meta-data#android.support.PARENT_ACTIVITY
ADDED from src\main\AndroidManifest.xml:42:13-44:82
	android:value
		ADDED from src\main\AndroidManifest.xml:44:17-79
	android:name
		ADDED from src\main\AndroidManifest.xml:43:17-63
activity#com.madibasoft.envisadroid.log.LogActivity
ADDED from src\main\AndroidManifest.xml:46:9-53:20
	android:label
		ADDED from src\main\AndroidManifest.xml:48:13-55
	android:parentActivityName
		ADDED from src\main\AndroidManifest.xml:49:13-88
	android:name
		ADDED from src\main\AndroidManifest.xml:47:13-70
activity#com.madibasoft.envisadroid.ZoneEditActivity
ADDED from src\main\AndroidManifest.xml:54:9-62:20
	android:label
		ADDED from src\main\AndroidManifest.xml:56:13-61
	android:parentActivityName
		ADDED from src\main\AndroidManifest.xml:57:13-88
	android:windowSoftInputMode
		ADDED from src\main\AndroidManifest.xml:58:13-68
	android:name
		ADDED from src\main\AndroidManifest.xml:55:13-71
activity#com.madibasoft.envisadroid.ToolsActivity
ADDED from src\main\AndroidManifest.xml:63:9-70:20
	android:label
		ADDED from src\main\AndroidManifest.xml:65:13-57
	android:parentActivityName
		ADDED from src\main\AndroidManifest.xml:66:13-88
	android:name
		ADDED from src\main\AndroidManifest.xml:64:13-68
activity#com.madibasoft.envisadroid.sync.SyncActivity
ADDED from src\main\AndroidManifest.xml:71:9-78:20
	android:label
		ADDED from src\main\AndroidManifest.xml:73:13-56
	android:parentActivityName
		ADDED from src\main\AndroidManifest.xml:74:13-88
	android:name
		ADDED from src\main\AndroidManifest.xml:72:13-72
activity#com.madibasoft.envisadroid.keypad.KeypadActivity
ADDED from src\main\AndroidManifest.xml:79:9-86:20
	android:label
		ADDED from src\main\AndroidManifest.xml:81:13-58
	android:parentActivityName
		ADDED from src\main\AndroidManifest.xml:82:13-88
	android:name
		ADDED from src\main\AndroidManifest.xml:80:13-76